<?xml version="1.0" encoding="UTF-8"?>
<!-- Generated by org.testng.reporters.JUnitReportReporter -->
<testsuite hostname="Ashu-PC-Dell15" name="com.tripplanverify.com.verifytripselection" tests="1" failures="0" timestamp="17 Feb 2019 04:42:47 GMT" time="23.530" errors="0">
  <testcase name="verifytrip" time="23.530" classname="com.tripplanverify.com.verifytripselection"/>
</testsuite> <!-- com.tripplanverify.com.verifytripselection -->
